[2023-12-09 16:25:23] request.INFO: Matched route "api_translation_value_edit". {"route":"api_translation_value_edit","route_parameters":{"_controller":"prestashop.core.api.translation.controller:translationEditAction","_legacy_controller":"AdminTranslations","_route":"api_translation_value_edit"},"request_uri":"http://localhost:8001/admin-dev/index.php/api/translations/edit?_token=UVV6p_VBjJ4VksC9LhHPiWTkDTAzlnhjIs67DIOCLmk","method":"POST"} []
[2023-12-09 16:25:23] security.DEBUG: Read existing security token from the session. {"key":"_security_main","token_class":"Symfony\\Component\\Security\\Core\\Authentication\\Token\\UsernamePasswordToken"} []
[2023-12-09 16:25:23] security.DEBUG: User was reloaded from a user provider. {"provider":"PrestaShopBundle\\Security\\Admin\\EmployeeProvider","username":"demo@prestashop.com"} []
[2023-12-09 16:25:23] app.ERROR: No result was found for query although at least one row was expected. {"object_type":"Translation"} []
[2023-12-09 16:25:24] app.ERROR: No result was found for query although at least one row was expected. {"object_type":"Translation"} []
[2023-12-09 16:25:24] cache.WARNING: Failed to clear the cache {"exception":"[object] (UnexpectedValueException(code: 0): RecursiveDirectoryIterator::__construct(/var/www/html/var/cache/prod/pools/oF4uGKF1Zr/): failed to open dir: No such file or directory at /var/www/html/vendor/symfony/symfony/src/Symfony/Component/Cache/Traits/FilesystemCommonTrait.php:58)"} []
[2023-12-09 16:25:24] cache.WARNING: Failed to clear the cache {"exception":"[object] (UnexpectedValueException(code: 0): RecursiveDirectoryIterator::__construct(/var/www/html/var/cache/prod/pools/k0V7XpDK96/): failed to open dir: No such file or directory at /var/www/html/vendor/symfony/symfony/src/Symfony/Component/Cache/Traits/FilesystemCommonTrait.php:58)"} []
[2023-12-09 16:25:24] cache.WARNING: Failed to clear the cache {"exception":"[object] (UnexpectedValueException(code: 0): RecursiveDirectoryIterator::__construct(/var/www/html/var/cache/prod/pools/+si9XZUmcI/): failed to open dir: No such file or directory at /var/www/html/vendor/symfony/symfony/src/Symfony/Component/Cache/Traits/FilesystemCommonTrait.php:58)"} []
[2023-12-09 16:25:24] cache.WARNING: Failed to clear the cache {"exception":"[object] (UnexpectedValueException(code: 0): RecursiveDirectoryIterator::__construct(/var/www/html/var/cache/prod/pools/o2NSV3WKIW/): failed to open dir: No such file or directory at /var/www/html/vendor/symfony/symfony/src/Symfony/Component/Cache/Traits/FilesystemCommonTrait.php:58)"} []
[2023-12-09 16:25:24] security.DEBUG: Stored the security token in the session. {"key":"_security_main"} []
[2023-12-09 16:35:27] request.INFO: Matched route "api_translation_value_edit". {"route":"api_translation_value_edit","route_parameters":{"_controller":"prestashop.core.api.translation.controller:translationEditAction","_legacy_controller":"AdminTranslations","_route":"api_translation_value_edit"},"request_uri":"http://localhost:8001/admin-dev/index.php/api/translations/edit?_token=UVV6p_VBjJ4VksC9LhHPiWTkDTAzlnhjIs67DIOCLmk","method":"POST"} []
[2023-12-09 16:35:27] security.DEBUG: Read existing security token from the session. {"key":"_security_main","token_class":"Symfony\\Component\\Security\\Core\\Authentication\\Token\\UsernamePasswordToken"} []
[2023-12-09 16:35:27] security.DEBUG: User was reloaded from a user provider. {"provider":"PrestaShopBundle\\Security\\Admin\\EmployeeProvider","username":"demo@prestashop.com"} []
[2023-12-09 16:35:27] app.ERROR: No result was found for query although at least one row was expected. {"object_type":"Translation"} []
[2023-12-09 16:35:27] app.ERROR: No result was found for query although at least one row was expected. {"object_type":"Translation"} []
[2023-12-09 16:35:27] cache.WARNING: Failed to clear the cache {"exception":"[object] (UnexpectedValueException(code: 0): RecursiveDirectoryIterator::__construct(/var/www/html/var/cache/prod/pools/oF4uGKF1Zr/): failed to open dir: No such file or directory at /var/www/html/vendor/symfony/symfony/src/Symfony/Component/Cache/Traits/FilesystemCommonTrait.php:58)"} []
[2023-12-09 16:35:27] cache.WARNING: Failed to clear the cache {"exception":"[object] (UnexpectedValueException(code: 0): RecursiveDirectoryIterator::__construct(/var/www/html/var/cache/prod/pools/k0V7XpDK96/): failed to open dir: No such file or directory at /var/www/html/vendor/symfony/symfony/src/Symfony/Component/Cache/Traits/FilesystemCommonTrait.php:58)"} []
[2023-12-09 16:35:27] cache.WARNING: Failed to clear the cache {"exception":"[object] (UnexpectedValueException(code: 0): RecursiveDirectoryIterator::__construct(/var/www/html/var/cache/prod/pools/+si9XZUmcI/): failed to open dir: No such file or directory at /var/www/html/vendor/symfony/symfony/src/Symfony/Component/Cache/Traits/FilesystemCommonTrait.php:58)"} []
[2023-12-09 16:35:27] cache.WARNING: Failed to clear the cache {"exception":"[object] (UnexpectedValueException(code: 0): RecursiveDirectoryIterator::__construct(/var/www/html/var/cache/prod/pools/o2NSV3WKIW/): failed to open dir: No such file or directory at /var/www/html/vendor/symfony/symfony/src/Symfony/Component/Cache/Traits/FilesystemCommonTrait.php:58)"} []
[2023-12-09 16:35:27] security.DEBUG: Stored the security token in the session. {"key":"_security_main"} []
[2023-12-09 16:36:43] request.INFO: Matched route "api_translation_value_edit". {"route":"api_translation_value_edit","route_parameters":{"_controller":"prestashop.core.api.translation.controller:translationEditAction","_legacy_controller":"AdminTranslations","_route":"api_translation_value_edit"},"request_uri":"http://localhost:8001/admin-dev/index.php/api/translations/edit?_token=UVV6p_VBjJ4VksC9LhHPiWTkDTAzlnhjIs67DIOCLmk","method":"POST"} []
[2023-12-09 16:36:43] security.DEBUG: Read existing security token from the session. {"key":"_security_main","token_class":"Symfony\\Component\\Security\\Core\\Authentication\\Token\\UsernamePasswordToken"} []
[2023-12-09 16:36:43] security.DEBUG: User was reloaded from a user provider. {"provider":"PrestaShopBundle\\Security\\Admin\\EmployeeProvider","username":"demo@prestashop.com"} []
[2023-12-09 16:36:43] app.ERROR: No result was found for query although at least one row was expected. {"object_type":"Translation"} []
[2023-12-09 16:36:43] app.ERROR: No result was found for query although at least one row was expected. {"object_type":"Translation"} []
[2023-12-09 16:36:43] app.ERROR: No result was found for query although at least one row was expected. {"object_type":"Translation"} []
[2023-12-09 16:36:43] cache.WARNING: Failed to clear the cache {"exception":"[object] (UnexpectedValueException(code: 0): RecursiveDirectoryIterator::__construct(/var/www/html/var/cache/prod/pools/oF4uGKF1Zr/): failed to open dir: No such file or directory at /var/www/html/vendor/symfony/symfony/src/Symfony/Component/Cache/Traits/FilesystemCommonTrait.php:58)"} []
[2023-12-09 16:36:43] cache.WARNING: Failed to clear the cache {"exception":"[object] (UnexpectedValueException(code: 0): RecursiveDirectoryIterator::__construct(/var/www/html/var/cache/prod/pools/k0V7XpDK96/): failed to open dir: No such file or directory at /var/www/html/vendor/symfony/symfony/src/Symfony/Component/Cache/Traits/FilesystemCommonTrait.php:58)"} []
[2023-12-09 16:36:43] cache.WARNING: Failed to clear the cache {"exception":"[object] (UnexpectedValueException(code: 0): RecursiveDirectoryIterator::__construct(/var/www/html/var/cache/prod/pools/+si9XZUmcI/): failed to open dir: No such file or directory at /var/www/html/vendor/symfony/symfony/src/Symfony/Component/Cache/Traits/FilesystemCommonTrait.php:58)"} []
[2023-12-09 16:36:43] cache.WARNING: Failed to clear the cache {"exception":"[object] (UnexpectedValueException(code: 0): RecursiveDirectoryIterator::__construct(/var/www/html/var/cache/prod/pools/o2NSV3WKIW/): failed to open dir: No such file or directory at /var/www/html/vendor/symfony/symfony/src/Symfony/Component/Cache/Traits/FilesystemCommonTrait.php:58)"} []
[2023-12-09 16:36:43] security.DEBUG: Stored the security token in the session. {"key":"_security_main"} []
